[0712/132834.242:INFO:CONSOLE(2)] "v3.0", source: https://www.ibm.com/account/ibmidutil/login-ui/main.js (2)
[0712/132906.644:INFO:CONSOLE(2)] "oidcUrl true", source: https://www.ibm.com/account/ibmidutil/login-ui/main.js (2)
[0712/133013.920:INFO:CONSOLE(2)] "oidcUrl true", source: https://www.ibm.com/account/ibmidutil/login-ui/main.js (2)
[0712/133013.936:INFO:CONSOLE(2)] "v3.0", source: https://www.ibm.com/account/ibmidutil/login-ui/main.js (2)
[0712/133029.524:INFO:CONSOLE(1)] "react-i18next:: It seems you are still using the old wait option, you may migrate to the new useSuspense behaviour.", source: https://www.ibm.com/account/urxstatic/_next/static/chunks/pages/_app-415270a8df13b333.js (1)
[0712/133029.583:INFO:CONSOLE(1)] "Refused to set unsafe header "origin"", source: https://www.ibm.com/account/urxstatic/_next/static/chunks/pages/_app-415270a8df13b333.js (1)
[0712/133030.588:INFO:CONSOLE(1)] "Refused to set unsafe header "origin"", source: https://www.ibm.com/account/urxstatic/_next/static/chunks/pages/_app-415270a8df13b333.js (1)
[0712/133034.747:INFO:CONSOLE(1)] "Error setting the version of the library in the DDO: Error: Timeout polling for digital data object.", source: https://www.ibm.com/account/urxstatic/_next/static/chunks/pages/_app-415270a8df13b333.js (1)
[0712/133035.546:INFO:CONSOLE(2)] "[bluemix-analytics] Page Event: SB03, www.ibm.com/account/reg/us-en/reset-password", source: https://cloud.ibm.com/analytics/build/bluemix-analytics.min.js (2)
[0712/133102.253:INFO:CONSOLE(2)] "[bluemix-analytics] Track Event: User Form", source: https://cloud.ibm.com/analytics/build/bluemix-analytics.min.js (2)
[0712/133114.997:INFO:CONSOLE(2)] "[bluemix-analytics] Track Event: User Form", source: https://cloud.ibm.com/analytics/build/bluemix-analytics.min.js (2)
[0712/133235.670:INFO:CONSOLE(2)] "[bluemix-analytics] Track Event: User Form", source: https://cloud.ibm.com/analytics/build/bluemix-analytics.min.js (2)
[0712/133256.606:INFO:CONSOLE(2)] "[bluemix-analytics] Cannot attribute referringLink: No href found", source: https://cloud.ibm.com/analytics/build/bluemix-analytics.min.js (2)
[0712/133319.681:INFO:CONSOLE(2)] "v3.0", source: https://www.ibm.com/account/ibmidutil/login-ui/main.js (2)
[0712/133331.419:INFO:CONSOLE(1)] "react-i18next:: It seems you are still using the old wait option, you may migrate to the new useSuspense behaviour.", source: https://www.ibm.com/account/urxstatic/_next/static/chunks/pages/_app-415270a8df13b333.js (1)
[0712/133331.531:INFO:CONSOLE(1)] "Form loaded Event called", source: https://www.ibm.com/account/urxstatic/_next/static/chunks/pages/_app-415270a8df13b333.js (1)
[0712/133331.660:INFO:CONSOLE(1)] "Refused to set unsafe header "origin"", source: https://www.ibm.com/account/urxstatic/_next/static/chunks/pages/_app-415270a8df13b333.js (1)
[0712/133332.044:INFO:CONSOLE(1)] "+++++++++ ENABLE OPTMIZELY NOW +++++++++", source: https://www.ibm.com/account/urxstatic/_next/static/chunks/pages/_app-415270a8df13b333.js (1)
[0712/133333.172:INFO:CONSOLE(1)] "urx CookieConsent Ready", source: https://www.ibm.com/account/urxstatic/_next/static/chunks/pages/signup-a451779905f3797a.js (1)
[0712/133333.894:INFO:CONSOLE(160)] "trigger event :: USER_PROFILE [object Object]", source: https://tags.tiqcdn.com/utag/ibm/web/prod/utag.162.js?utv=ut4.46.202312041527 (160)
[0712/133336.728:INFO:CONSOLE(22)] "Munchkin.init("%s") options: 298-RSE-650 [object Object]", source: https://munchkin.marketo.net/163/munchkin.js (22)
[0712/133337.354:INFO:CONSOLE(160)] "trigger event :: BANNER-CLICK--Close-Banner [object Object]", source: https://tags.tiqcdn.com/utag/ibm/web/prod/utag.162.js?utv=ut4.46.202312041527 (160)
[0712/133338.504:INFO:CONSOLE(2)] "[bluemix-analytics] Track Event: User Form", source: https://cloud.ibm.com/analytics/build/bluemix-analytics.min.js (2)
[0712/133338.512:INFO:CONSOLE(2)] "[bluemix-analytics] Track Event: URX Form Loaded", source: https://cloud.ibm.com/analytics/build/bluemix-analytics.min.js (2)
[0712/133339.047:INFO:CONSOLE(2)] "[bluemix-analytics] Page Event: URX Full Page Registration, Signup", source: https://cloud.ibm.com/analytics/build/bluemix-analytics.min.js (2)
[0712/133339.047:INFO:CONSOLE(2)] "[bluemix-analytics] Track Event: User Form", source: https://cloud.ibm.com/analytics/build/bluemix-analytics.min.js (2)
[0712/133339.411:INFO:CONSOLE(160)] "trigger event :: DXA-SESSION [object Object]", source: https://tags.tiqcdn.com/utag/ibm/web/prod/utag.162.js?utv=ut4.46.202312041527 (160)
[0712/133339.763:INFO:CONSOLE(160)] "trigger event :: Percentage Scroll [object Object]", source: https://tags.tiqcdn.com/utag/ibm/web/prod/utag.162.js?utv=ut4.46.202312041527 (160)
[0712/133340.024:INFO:CONSOLE(2)] "[bluemix-analytics] Page Event: PC300, www.ibm.com/account/reg/us-en/signup", source: https://cloud.ibm.com/analytics/build/bluemix-analytics.min.js (2)
[0712/133341.661:INFO:CONSOLE(160)] "trigger event :: In-Page Click [object Object]", source: https://tags.tiqcdn.com/utag/ibm/web/prod/utag.162.js?utv=ut4.46.202312041527 (160)
[0712/133403.362:INFO:CONSOLE(1)] "Refused to set unsafe header "Origin"", source: https://www.ibm.com/account/urxstatic/_next/static/chunks/pages/_app-415270a8df13b333.js (1)
[0712/133403.604:INFO:CONSOLE(160)] "trigger event :: In-Page Click [object Object]", source: https://tags.tiqcdn.com/utag/ibm/web/prod/utag.162.js?utv=ut4.46.202312041527 (160)
[0712/133407.894:INFO:CONSOLE(2)] "[bluemix-analytics] Track Event: User Form", source: https://cloud.ibm.com/analytics/build/bluemix-analytics.min.js (2)
[0712/133408.979:INFO:CONSOLE(160)] "trigger event :: Account Signup-Initiation [object Object]", source: https://tags.tiqcdn.com/utag/ibm/web/prod/utag.162.js?utv=ut4.46.202312041527 (160)
[0712/133409.625:INFO:CONSOLE(2)] "[bluemix-analytics] Track Event: User Form", source: https://cloud.ibm.com/analytics/build/bluemix-analytics.min.js (2)
[0712/133421.762:INFO:CONSOLE(160)] "trigger event :: In-Page Click [object Object]", source: https://tags.tiqcdn.com/utag/ibm/web/prod/utag.162.js?utv=ut4.46.202312041527 (160)
[0712/133423.820:INFO:CONSOLE(160)] "trigger event :: In-Page Click [object Object]", source: https://tags.tiqcdn.com/utag/ibm/web/prod/utag.162.js?utv=ut4.46.202312041527 (160)
[0712/133424.642:INFO:CONSOLE(2)] "[bluemix-analytics] Track Event: User Form", source: https://cloud.ibm.com/analytics/build/bluemix-analytics.min.js (2)
[0712/133436.734:ERROR:ssl_client_socket_impl.cc(959)] handshake failed; returned -1, SSL error code 1, net_error -101
[0712/133436.750:ERROR:ssl_client_socket_impl.cc(959)] handshake failed; returned -1, SSL error code 1, net_error -101
[0712/133439.338:INFO:CONSOLE(160)] "trigger event :: In-Page Click [object Object]", source: https://tags.tiqcdn.com/utag/ibm/web/prod/utag.162.js?utv=ut4.46.202312041527 (160)
[0712/133441.011:INFO:CONSOLE(160)] "trigger event :: In-Page Click [object Object]", source: https://tags.tiqcdn.com/utag/ibm/web/prod/utag.162.js?utv=ut4.46.202312041527 (160)
[0712/133441.852:INFO:CONSOLE(2)] "[bluemix-analytics] Track Event: User Form", source: https://cloud.ibm.com/analytics/build/bluemix-analytics.min.js (2)
[0712/133451.594:INFO:CONSOLE(160)] "trigger event :: In-Page Click [object Object]", source: https://tags.tiqcdn.com/utag/ibm/web/prod/utag.162.js?utv=ut4.46.202312041527 (160)
[0712/133458.293:INFO:CONSOLE(160)] "trigger event :: In-Page Click [object Object]", source: https://tags.tiqcdn.com/utag/ibm/web/prod/utag.162.js?utv=ut4.46.202312041527 (160)
[0712/133459.166:INFO:CONSOLE(2)] "[bluemix-analytics] Track Event: User Form", source: https://cloud.ibm.com/analytics/build/bluemix-analytics.min.js (2)
[0712/133501.318:INFO:CONSOLE(2)] "[bluemix-analytics] Track Event: User Form", source: https://cloud.ibm.com/analytics/build/bluemix-analytics.min.js (2)
[0712/133510.057:INFO:CONSOLE(2)] "[bluemix-analytics] Track Event: User Form", source: https://cloud.ibm.com/analytics/build/bluemix-analytics.min.js (2)
[0712/133512.742:INFO:CONSOLE(160)] "trigger event :: In-Page Click [object Object]", source: https://tags.tiqcdn.com/utag/ibm/web/prod/utag.162.js?utv=ut4.46.202312041527 (160)
[0712/133512.938:INFO:CONSOLE(2)] "[bluemix-analytics] Track Event: User Form", source: https://cloud.ibm.com/analytics/build/bluemix-analytics.min.js (2)
[0712/133513.458:INFO:CONSOLE(2)] "[bluemix-analytics] Track Event: User Form", source: https://cloud.ibm.com/analytics/build/bluemix-analytics.min.js (2)
[0712/133515.002:INFO:CONSOLE(160)] "trigger event :: Percentage Scroll [object Object]", source: https://tags.tiqcdn.com/utag/ibm/web/prod/utag.162.js?utv=ut4.46.202312041527 (160)
[0712/133516.623:INFO:CONSOLE(160)] "trigger event :: In-Page Click [object Object]", source: https://tags.tiqcdn.com/utag/ibm/web/prod/utag.162.js?utv=ut4.46.202312041527 (160)
[0712/133518.252:INFO:CONSOLE(2)] "[bluemix-analytics] Track Event: User Form", source: https://cloud.ibm.com/analytics/build/bluemix-analytics.min.js (2)
[0712/133607.756:INFO:CONSOLE(2)] "[bluemix-analytics] Track Event: User Form", source: https://cloud.ibm.com/analytics/build/bluemix-analytics.min.js (2)
[0712/133614.913:INFO:CONSOLE(2)] "[bluemix-analytics] Track Event: User Form", source: https://cloud.ibm.com/analytics/build/bluemix-analytics.min.js (2)
[0712/133616.845:INFO:CONSOLE(2)] "[bluemix-analytics] Track Event: User Form", source: https://cloud.ibm.com/analytics/build/bluemix-analytics.min.js (2)
[0712/133620.629:INFO:CONSOLE(2)] "[bluemix-analytics] Track Event: User Form", source: https://cloud.ibm.com/analytics/build/bluemix-analytics.min.js (2)
[0712/133622.958:INFO:CONSOLE(160)] "trigger event :: In-Page Click [object Object]", source: https://tags.tiqcdn.com/utag/ibm/web/prod/utag.162.js?utv=ut4.46.202312041527 (160)
[0712/133623.459:INFO:CONSOLE(2)] "[bluemix-analytics] Track Event: User Form", source: https://cloud.ibm.com/analytics/build/bluemix-analytics.min.js (2)
[0712/133624.933:INFO:CONSOLE(2)] "[bluemix-analytics] Track Event: Email Verification", source: https://cloud.ibm.com/analytics/build/bluemix-analytics.min.js (2)
[0712/133624.949:INFO:CONSOLE(2)] "[bluemix-analytics] Track Event: User Form", source: https://cloud.ibm.com/analytics/build/bluemix-analytics.min.js (2)
[0712/133624.980:INFO:CONSOLE(2)] "[bluemix-analytics] Track Event: User Form", source: https://cloud.ibm.com/analytics/build/bluemix-analytics.min.js (2)
[0712/133629.457:INFO:CONSOLE(160)] "trigger event :: In-Page Click [object Object]", source: https://tags.tiqcdn.com/utag/ibm/web/prod/utag.162.js?utv=ut4.46.202312041527 (160)
[0712/133633.159:INFO:CONSOLE(2)] "[bluemix-analytics] Track Event: User Form", source: https://cloud.ibm.com/analytics/build/bluemix-analytics.min.js (2)
[0712/133645.223:INFO:CONSOLE(160)] "trigger event :: In-Page Click [object Object]", source: https://tags.tiqcdn.com/utag/ibm/web/prod/utag.162.js?utv=ut4.46.202312041527 (160)
[0712/133648.897:INFO:CONSOLE(160)] "trigger event :: In-Page Click [object Object]", source: https://tags.tiqcdn.com/utag/ibm/web/prod/utag.162.js?utv=ut4.46.202312041527 (160)
[0712/133650.621:INFO:CONSOLE(2)] "[bluemix-analytics] Track Event: User Form", source: https://cloud.ibm.com/analytics/build/bluemix-analytics.min.js (2)
[0712/133650.855:INFO:CONSOLE(2)] "[bluemix-analytics] Track Event: User Form", source: https://cloud.ibm.com/analytics/build/bluemix-analytics.min.js (2)
[0712/133653.437:INFO:CONSOLE(160)] "trigger event :: In-Page Click [object Object]", source: https://tags.tiqcdn.com/utag/ibm/web/prod/utag.162.js?utv=ut4.46.202312041527 (160)
[0712/133654.101:INFO:CONSOLE(2)] "[bluemix-analytics] Track Event: User Form", source: https://cloud.ibm.com/analytics/build/bluemix-analytics.min.js (2)
[0712/133654.105:INFO:CONSOLE(2)] "[bluemix-analytics] Track Event: User Form", source: https://cloud.ibm.com/analytics/build/bluemix-analytics.min.js (2)
[0712/133655.454:INFO:CONSOLE(160)] "trigger event :: Account Signup-Completion [object Object]", source: https://tags.tiqcdn.com/utag/ibm/web/prod/utag.162.js?utv=ut4.46.202312041527 (160)
[0712/133655.607:INFO:CONSOLE(160)] "trigger event :: (undefined) [object Object]", source: https://tags.tiqcdn.com/utag/ibm/web/prod/utag.162.js?utv=ut4.46.202312041527 (160)
[0712/133656.894:INFO:CONSOLE(2)] "[bluemix-analytics] Track Event: Provision Call Success", source: https://cloud.ibm.com/analytics/build/bluemix-analytics.min.js (2)
[0712/133657.799:INFO:CONSOLE(69)] "1139.6549999917625 ms: base baseline", source: https://login.ibm.com/risk/v3.0/authz/pages/compute?Target=https%3A%2F%2Flogin.ibm.com%2Foidc%2Fendpoint%2Fdefault%2Fauthorize%3FqsId%3D00d0e93c-f9ed-4c5a-923a-ffb1975755a7%26client_id%3DNDQwMDhiYjQtOWFiZi00 (69)
[0712/133657.799:WARNING:spdy_session.cc(3365)] Received HEADERS for invalid stream 5
[0712/133659.371:INFO:CONSOLE(1)] "'window.webkitStorageInfo' is deprecated. Please use 'navigator.webkitTemporaryStorage' or 'navigator.webkitPersistentStorage' instead.", source: https://login.ibm.com/ul/assets/en/6714224/minutes.js?r=0.6841608963529373 (1)
[0712/133700.204:INFO:CONSOLE(84)] "2406.6949999978533 ms: getFlow() called 1 times...", source: https://login.ibm.com/risk/v3.0/authz/pages/compute?Target=https%3A%2F%2Flogin.ibm.com%2Foidc%2Fendpoint%2Fdefault%2Fauthorize%3FqsId%3D00d0e93c-f9ed-4c5a-923a-ffb1975755a7%26client_id%3DNDQwMDhiYjQtOWFiZi00 (84)
[0712/133700.204:INFO:CONSOLE(95)] "2407.1600000024773 ms: Sleeping for 500 milliseconds...", source: https://login.ibm.com/risk/v3.0/authz/pages/compute?Target=https%3A%2F%2Flogin.ibm.com%2Foidc%2Fendpoint%2Fdefault%2Fauthorize%3FqsId%3D00d0e93c-f9ed-4c5a-923a-ffb1975755a7%26client_id%3DNDQwMDhiYjQtOWFiZi00 (95)
[0712/133700.208:INFO:CONSOLE(90)] "2407.3800000041956 ms: getFlow() called 1 times... Done", source: https://login.ibm.com/risk/v3.0/authz/pages/compute?Target=https%3A%2F%2Flogin.ibm.com%2Foidc%2Fendpoint%2Fdefault%2Fauthorize%3FqsId%3D00d0e93c-f9ed-4c5a-923a-ffb1975755a7%26client_id%3DNDQwMDhiYjQtOWFiZi00 (90)
[0712/133700.720:INFO:CONSOLE(98)] "2921.2050000060117 ms: Waited for CSID collection, now submitting...", source: https://login.ibm.com/risk/v3.0/authz/pages/compute?Target=https%3A%2F%2Flogin.ibm.com%2Foidc%2Fendpoint%2Fdefault%2Fauthorize%3FqsId%3D00d0e93c-f9ed-4c5a-923a-ffb1975755a7%26client_id%3DNDQwMDhiYjQtOWFiZi00 (98)
[0712/133733.273:INFO:CONSOLE(1)] "Refused to apply inline style because it violates the following Content Security Policy directive: "default-src 'self'". Either the 'unsafe-inline' keyword, a hash ('sha256-4Su6mBWzEIFnH4pAGMOuaeBrstwJN4Z3pq/s1Kn4/KQ='), or a nonce ('nonce-...') is required to enable inline execution. Note also that 'style-src' was not explicitly set, so 'default-src' is used as a fallback.
", source: https://spsssub.ibm.com/licsrv/licensing (1)
[0712/133734.721:INFO:CONSOLE(1)] "Refused to apply inline style because it violates the following Content Security Policy directive: "default-src 'self'". Either the 'unsafe-inline' keyword, a hash ('sha256-4Su6mBWzEIFnH4pAGMOuaeBrstwJN4Z3pq/s1Kn4/KQ='), or a nonce ('nonce-...') is required to enable inline execution. Note also that 'style-src' was not explicitly set, so 'default-src' is used as a fallback.
", source: https://spsssub.ibm.com/licsrv/licensing (1)
[0712/133839.747:INFO:CONSOLE(2)] "v3.0", source: https://www.ibm.com/account/ibmidutil/login-ui/main.js (2)
[0712/133849.490:INFO:CONSOLE(1)] "react-i18next:: It seems you are still using the old wait option, you may migrate to the new useSuspense behaviour.", source: https://www.ibm.com/account/urxstatic/_next/static/chunks/pages/_app-415270a8df13b333.js (1)
[0712/133849.670:INFO:CONSOLE(1)] "Form loaded Event called", source: https://www.ibm.com/account/urxstatic/_next/static/chunks/pages/_app-415270a8df13b333.js (1)
[0712/133849.787:INFO:CONSOLE(1)] "Refused to set unsafe header "origin"", source: https://www.ibm.com/account/urxstatic/_next/static/chunks/pages/_app-415270a8df13b333.js (1)
[0712/133850.092:INFO:CONSOLE(1)] "+++++++++ ENABLE OPTMIZELY NOW +++++++++", source: https://www.ibm.com/account/urxstatic/_next/static/chunks/pages/_app-415270a8df13b333.js (1)
[0712/133850.434:INFO:CONSOLE(1)] "urx CookieConsent Ready", source: https://www.ibm.com/account/urxstatic/_next/static/chunks/pages/signup-a451779905f3797a.js (1)
[0712/133850.882:INFO:CONSOLE(160)] "trigger event :: USER_PROFILE [object Object]", source: https://tags.tiqcdn.com/utag/ibm/web/prod/utag.162.js?utv=ut4.46.202312041527 (160)
[0712/133851.479:INFO:CONSOLE(22)] "Munchkin.init("%s") options: 298-RSE-650 [object Object]", source: https://munchkin.marketo.net/163/munchkin.js (22)
[0712/133853.867:INFO:CONSOLE(160)] "trigger event :: BANNER-CLICK--Personalization [object Object]", source: https://tags.tiqcdn.com/utag/ibm/web/prod/utag.162.js?utv=ut4.46.202312041527 (160)
[0712/133853.975:INFO:CONSOLE(160)] "trigger event :: USER-CONSENT-CHOICE--Personalization [object Object]", source: https://tags.tiqcdn.com/utag/ibm/web/prod/utag.162.js?utv=ut4.46.202312041527 (160)
[0712/133854.393:INFO:CONSOLE(160)] "trigger event :: DXA-SESSION [object Object]", source: https://tags.tiqcdn.com/utag/ibm/web/prod/utag.162.js?utv=ut4.46.202312041527 (160)
[0712/133855.541:INFO:CONSOLE(2)] "[bluemix-analytics] Track Event: User Form", source: https://cloud.ibm.com/analytics/build/bluemix-analytics.min.js (2)
[0712/133855.545:INFO:CONSOLE(2)] "[bluemix-analytics] Page Event: URX Full Page Registration, Signup", source: https://cloud.ibm.com/analytics/build/bluemix-analytics.min.js (2)
[0712/133855.545:INFO:CONSOLE(2)] "[bluemix-analytics] Page Event: PC300, www.ibm.com/account/reg/us-en/signup", source: https://cloud.ibm.com/analytics/build/bluemix-analytics.min.js (2)
[0712/133856.149:INFO:CONSOLE(160)] "trigger event :: In-Page Click [object Object]", source: https://tags.tiqcdn.com/utag/ibm/web/prod/utag.162.js?utv=ut4.46.202312041527 (160)
[0712/133907.393:INFO:CONSOLE(1)] "Refused to set unsafe header "Origin"", source: https://www.ibm.com/account/urxstatic/_next/static/chunks/pages/_app-415270a8df13b333.js (1)
[0712/133907.638:INFO:CONSOLE(160)] "trigger event :: In-Page Click [object Object]", source: https://tags.tiqcdn.com/utag/ibm/web/prod/utag.162.js?utv=ut4.46.202312041527 (160)
[0712/133907.829:INFO:CONSOLE(2)] "[bluemix-analytics] Track Event: User Form", source: https://cloud.ibm.com/analytics/build/bluemix-analytics.min.js (2)
[0712/133910.876:INFO:CONSOLE(2)] "[bluemix-analytics] Track Event: User Form", source: https://cloud.ibm.com/analytics/build/bluemix-analytics.min.js (2)
[0712/133914.156:INFO:CONSOLE(160)] "trigger event :: In-Page Click [object Object]", source: https://tags.tiqcdn.com/utag/ibm/web/prod/utag.162.js?utv=ut4.46.202312041527 (160)
[0712/133914.880:INFO:CONSOLE(160)] "trigger event :: Percentage Scroll [object Object]", source: https://tags.tiqcdn.com/utag/ibm/web/prod/utag.162.js?utv=ut4.46.202312041527 (160)
[0712/133914.998:INFO:CONSOLE(160)] "trigger event :: Percentage Scroll [object Object]", source: https://tags.tiqcdn.com/utag/ibm/web/prod/utag.162.js?utv=ut4.46.202312041527 (160)
[0712/133915.099:INFO:CONSOLE(160)] "trigger event :: Percentage Scroll [object Object]", source: https://tags.tiqcdn.com/utag/ibm/web/prod/utag.162.js?utv=ut4.46.202312041527 (160)
[0712/133917.074:INFO:CONSOLE(160)] "trigger event :: In-Page Click [object Object]", source: https://tags.tiqcdn.com/utag/ibm/web/prod/utag.162.js?utv=ut4.46.202312041527 (160)
[0712/133917.278:INFO:CONSOLE(160)] "trigger event :: In-Page Click [object Object]", source: https://tags.tiqcdn.com/utag/ibm/web/prod/utag.162.js?utv=ut4.46.202312041527 (160)
[0712/133922.809:INFO:CONSOLE(160)] "trigger event :: In-Page Click [object Object]", source: https://tags.tiqcdn.com/utag/ibm/web/prod/utag.162.js?utv=ut4.46.202312041527 (160)
[0712/133924.613:INFO:CONSOLE(160)] "trigger event :: In-Page Click [object Object]", source: https://tags.tiqcdn.com/utag/ibm/web/prod/utag.162.js?utv=ut4.46.202312041527 (160)
[0712/133925.112:INFO:CONSOLE(2)] "[bluemix-analytics] Track Event: User Form", source: https://cloud.ibm.com/analytics/build/bluemix-analytics.min.js (2)
[0712/133943.995:INFO:CONSOLE(2)] "v3.0", source: https://www.ibm.com/account/ibmidutil/login-ui/main.js (2)
[0712/134005.024:INFO:CONSOLE(2)] "oidcUrl true", source: https://www.ibm.com/account/ibmidutil/login-ui/main.js (2)
[0712/134025.535:INFO:CONSOLE(69)] "3125.9200000058627 ms: base baseline", source: https://login.ibm.com/risk/v3.0/authz/pages/compute?Target=https%3A%2F%2Flogin.ibm.com%2Foidc%2Fendpoint%2Fdefault%2Fauthorize%3FqsId%3D54133cf7-3ec2-4f0c-bf8d-9b4e64dbaa17%26client_id%3DNDQwMDhiYjQtOWFiZi00 (69)
[0712/134026.435:INFO:CONSOLE(1)] "'window.webkitStorageInfo' is deprecated. Please use 'navigator.webkitTemporaryStorage' or 'navigator.webkitPersistentStorage' instead.", source: https://login.ibm.com/ul/assets/en/6714224/minutes.js?r=0.9613127514470454 (1)
[0712/134027.863:INFO:CONSOLE(84)] "2327.999999994063 ms: getFlow() called 1 times...", source: https://login.ibm.com/risk/v3.0/authz/pages/compute?Target=https%3A%2F%2Flogin.ibm.com%2Foidc%2Fendpoint%2Fdefault%2Fauthorize%3FqsId%3D54133cf7-3ec2-4f0c-bf8d-9b4e64dbaa17%26client_id%3DNDQwMDhiYjQtOWFiZi00 (84)
[0712/134027.863:INFO:CONSOLE(95)] "2328.380000006291 ms: Sleeping for 500 milliseconds...", source: https://login.ibm.com/risk/v3.0/authz/pages/compute?Target=https%3A%2F%2Flogin.ibm.com%2Foidc%2Fendpoint%2Fdefault%2Fauthorize%3FqsId%3D54133cf7-3ec2-4f0c-bf8d-9b4e64dbaa17%26client_id%3DNDQwMDhiYjQtOWFiZi00 (95)
[0712/134027.863:INFO:CONSOLE(90)] "2328.6599999992177 ms: getFlow() called 1 times... Done", source: https://login.ibm.com/risk/v3.0/authz/pages/compute?Target=https%3A%2F%2Flogin.ibm.com%2Foidc%2Fendpoint%2Fdefault%2Fauthorize%3FqsId%3D54133cf7-3ec2-4f0c-bf8d-9b4e64dbaa17%26client_id%3DNDQwMDhiYjQtOWFiZi00 (90)
[0712/134028.378:INFO:CONSOLE(98)] "2843.829999997979 ms: Waited for CSID collection, now submitting...", source: https://login.ibm.com/risk/v3.0/authz/pages/compute?Target=https%3A%2F%2Flogin.ibm.com%2Foidc%2Fendpoint%2Fdefault%2Fauthorize%3FqsId%3D54133cf7-3ec2-4f0c-bf8d-9b4e64dbaa17%26client_id%3DNDQwMDhiYjQtOWFiZi00 (98)
[0712/134029.971:INFO:CONSOLE(1)] "Refused to apply inline style because it violates the following Content Security Policy directive: "default-src 'self'". Either the 'unsafe-inline' keyword, a hash ('sha256-4Su6mBWzEIFnH4pAGMOuaeBrstwJN4Z3pq/s1Kn4/KQ='), or a nonce ('nonce-...') is required to enable inline execution. Note also that 'style-src' was not explicitly set, so 'default-src' is used as a fallback.
", source: https://spsssub.ibm.com/licsrv/licensing (1)
[0712/134030.381:INFO:CONSOLE(1)] "Refused to apply inline style because it violates the following Content Security Policy directive: "default-src 'self'". Either the 'unsafe-inline' keyword, a hash ('sha256-4Su6mBWzEIFnH4pAGMOuaeBrstwJN4Z3pq/s1Kn4/KQ='), or a nonce ('nonce-...') is required to enable inline execution. Note also that 'style-src' was not explicitly set, so 'default-src' is used as a fallback.
", source: https://spsssub.ibm.com/licsrv/licensing (1)
[0712/134450.001:INFO:CONSOLE(2)] "v3.0", source: https://www.ibm.com/account/ibmidutil/login-ui/main.js (2)
[0712/134506.748:INFO:CONSOLE(2)] "oidcUrl true", source: https://www.ibm.com/account/ibmidutil/login-ui/main.js (2)
[0712/134521.264:INFO:CONSOLE(69)] "2721.594999995432 ms: base baseline", source: https://login.ibm.com/risk/v3.0/authz/pages/compute?Target=https%3A%2F%2Flogin.ibm.com%2Foidc%2Fendpoint%2Fdefault%2Fauthorize%3FqsId%3Dd48ea08b-0edf-4610-81d8-9ca0bf1ebc9f%26client_id%3DNDQwMDhiYjQtOWFiZi00 (69)
[0712/134522.803:INFO:CONSOLE(1)] "'window.webkitStorageInfo' is deprecated. Please use 'navigator.webkitTemporaryStorage' or 'navigator.webkitPersistentStorage' instead.", source: https://login.ibm.com/ul/assets/en/6714224/minutes.js?r=0.799488347863037 (1)
[0712/134523.132:INFO:CONSOLE(84)] "1867.404999997234 ms: getFlow() called 1 times...", source: https://login.ibm.com/risk/v3.0/authz/pages/compute?Target=https%3A%2F%2Flogin.ibm.com%2Foidc%2Fendpoint%2Fdefault%2Fauthorize%3FqsId%3Dd48ea08b-0edf-4610-81d8-9ca0bf1ebc9f%26client_id%3DNDQwMDhiYjQtOWFiZi00 (84)
[0712/134523.132:INFO:CONSOLE(95)] "1867.740000001504 ms: Sleeping for 500 milliseconds...", source: https://login.ibm.com/risk/v3.0/authz/pages/compute?Target=https%3A%2F%2Flogin.ibm.com%2Foidc%2Fendpoint%2Fdefault%2Fauthorize%3FqsId%3Dd48ea08b-0edf-4610-81d8-9ca0bf1ebc9f%26client_id%3DNDQwMDhiYjQtOWFiZi00 (95)
[0712/134523.136:INFO:CONSOLE(90)] "1868.0049999966286 ms: getFlow() called 1 times... Done", source: https://login.ibm.com/risk/v3.0/authz/pages/compute?Target=https%3A%2F%2Flogin.ibm.com%2Foidc%2Fendpoint%2Fdefault%2Fauthorize%3FqsId%3Dd48ea08b-0edf-4610-81d8-9ca0bf1ebc9f%26client_id%3DNDQwMDhiYjQtOWFiZi00 (90)
[0712/134523.640:INFO:CONSOLE(98)] "2373.4700000059092 ms: Waited for CSID collection, now submitting...", source: https://login.ibm.com/risk/v3.0/authz/pages/compute?Target=https%3A%2F%2Flogin.ibm.com%2Foidc%2Fendpoint%2Fdefault%2Fauthorize%3FqsId%3Dd48ea08b-0edf-4610-81d8-9ca0bf1ebc9f%26client_id%3DNDQwMDhiYjQtOWFiZi00 (98)
[0712/134525.279:INFO:CONSOLE(1)] "Refused to apply inline style because it violates the following Content Security Policy directive: "default-src 'self'". Either the 'unsafe-inline' keyword, a hash ('sha256-4Su6mBWzEIFnH4pAGMOuaeBrstwJN4Z3pq/s1Kn4/KQ='), or a nonce ('nonce-...') is required to enable inline execution. Note also that 'style-src' was not explicitly set, so 'default-src' is used as a fallback.
", source: https://spsssub.ibm.com/licsrv/licensing (1)
[0712/134525.674:INFO:CONSOLE(1)] "Refused to apply inline style because it violates the following Content Security Policy directive: "default-src 'self'". Either the 'unsafe-inline' keyword, a hash ('sha256-4Su6mBWzEIFnH4pAGMOuaeBrstwJN4Z3pq/s1Kn4/KQ='), or a nonce ('nonce-...') is required to enable inline execution. Note also that 'style-src' was not explicitly set, so 'default-src' is used as a fallback.
", source: https://spsssub.ibm.com/licsrv/licensing (1)
[0712/135013.165:INFO:CONSOLE(2)] "v3.0", source: https://www.ibm.com/account/ibmidutil/login-ui/main.js (2)
[0712/135845.273:INFO:CONSOLE(2)] "v3.0", source: https://www.ibm.com/account/ibmidutil/login-ui/main.js (2)
[0712/135909.451:INFO:CONSOLE(2)] "oidcUrl true", source: https://www.ibm.com/account/ibmidutil/login-ui/main.js (2)
[0712/135925.300:INFO:CONSOLE(2)] "oidcUrl true", source: https://www.ibm.com/account/ibmidutil/login-ui/main.js (2)
[0712/135925.316:INFO:CONSOLE(2)] "v3.0", source: https://www.ibm.com/account/ibmidutil/login-ui/main.js (2)
[0712/135945.398:INFO:CONSOLE(69)] "4563.404999993509 ms: base baseline", source: https://login.ibm.com/risk/v3.0/authz/pages/compute?Target=https%3A%2F%2Flogin.ibm.com%2Foidc%2Fendpoint%2Fdefault%2Fauthorize%3FqsId%3D7266040b-409f-4022-97f1-b78d3b1c98dc%26client_id%3DNDQwMDhiYjQtOWFiZi00 (69)
[0712/135947.326:INFO:CONSOLE(1)] "'window.webkitStorageInfo' is deprecated. Please use 'navigator.webkitTemporaryStorage' or 'navigator.webkitPersistentStorage' instead.", source: https://login.ibm.com/ul/assets/en/6714224/minutes.js?r=0.8036686526342063 (1)
[0712/135947.837:INFO:CONSOLE(84)] "2439.7200000094017 ms: getFlow() called 1 times...", source: https://login.ibm.com/risk/v3.0/authz/pages/compute?Target=https%3A%2F%2Flogin.ibm.com%2Foidc%2Fendpoint%2Fdefault%2Fauthorize%3FqsId%3D7266040b-409f-4022-97f1-b78d3b1c98dc%26client_id%3DNDQwMDhiYjQtOWFiZi00 (84)
[0712/135947.841:INFO:CONSOLE(95)] "2440.11500000488 ms: Sleeping for 500 milliseconds...", source: https://login.ibm.com/risk/v3.0/authz/pages/compute?Target=https%3A%2F%2Flogin.ibm.com%2Foidc%2Fendpoint%2Fdefault%2Fauthorize%3FqsId%3D7266040b-409f-4022-97f1-b78d3b1c98dc%26client_id%3DNDQwMDhiYjQtOWFiZi00 (95)
[0712/135947.841:INFO:CONSOLE(90)] "2440.310000005411 ms: getFlow() called 1 times... Done", source: https://login.ibm.com/risk/v3.0/authz/pages/compute?Target=https%3A%2F%2Flogin.ibm.com%2Foidc%2Fendpoint%2Fdefault%2Fauthorize%3FqsId%3D7266040b-409f-4022-97f1-b78d3b1c98dc%26client_id%3DNDQwMDhiYjQtOWFiZi00 (90)
[0712/135948.349:INFO:CONSOLE(98)] "2952.2500000020955 ms: Waited for CSID collection, now submitting...", source: https://login.ibm.com/risk/v3.0/authz/pages/compute?Target=https%3A%2F%2Flogin.ibm.com%2Foidc%2Fendpoint%2Fdefault%2Fauthorize%3FqsId%3D7266040b-409f-4022-97f1-b78d3b1c98dc%26client_id%3DNDQwMDhiYjQtOWFiZi00 (98)
[0712/135950.010:INFO:CONSOLE(1)] "Refused to apply inline style because it violates the following Content Security Policy directive: "default-src 'self'". Either the 'unsafe-inline' keyword, a hash ('sha256-4Su6mBWzEIFnH4pAGMOuaeBrstwJN4Z3pq/s1Kn4/KQ='), or a nonce ('nonce-...') is required to enable inline execution. Note also that 'style-src' was not explicitly set, so 'default-src' is used as a fallback.
", source: https://spsssub.ibm.com/licsrv/licensing (1)
[0712/135950.406:INFO:CONSOLE(1)] "Refused to apply inline style because it violates the following Content Security Policy directive: "default-src 'self'". Either the 'unsafe-inline' keyword, a hash ('sha256-4Su6mBWzEIFnH4pAGMOuaeBrstwJN4Z3pq/s1Kn4/KQ='), or a nonce ('nonce-...') is required to enable inline execution. Note also that 'style-src' was not explicitly set, so 'default-src' is used as a fallback.
", source: https://spsssub.ibm.com/licsrv/licensing (1)
[0712/142222.009:INFO:CONSOLE(2)] "v3.0", source: https://www.ibm.com/account/ibmidutil/login-ui/main.js (2)
[0712/142318.387:INFO:CONSOLE(2)] "oidcUrl true", source: https://www.ibm.com/account/ibmidutil/login-ui/main.js (2)
[0712/142337.372:INFO:CONSOLE(69)] "1647.6049999910174 ms: base baseline", source: https://login.ibm.com/risk/v3.0/authz/pages/compute?Target=https%3A%2F%2Flogin.ibm.com%2Foidc%2Fendpoint%2Fdefault%2Fauthorize%3FqsId%3De1ffdf03-a7f7-4517-92fd-de4911bc9ef4%26client_id%3DNDQwMDhiYjQtOWFiZi00 (69)
[0712/142339.339:INFO:CONSOLE(1)] "'window.webkitStorageInfo' is deprecated. Please use 'navigator.webkitTemporaryStorage' or 'navigator.webkitPersistentStorage' instead.", source: https://login.ibm.com/ul/assets/en/6714224/minutes.js?r=0.0654243559551182 (1)
[0712/142339.640:INFO:CONSOLE(84)] "2267.375000010361 ms: getFlow() called 1 times...", source: https://login.ibm.com/risk/v3.0/authz/pages/compute?Target=https%3A%2F%2Flogin.ibm.com%2Foidc%2Fendpoint%2Fdefault%2Fauthorize%3FqsId%3De1ffdf03-a7f7-4517-92fd-de4911bc9ef4%26client_id%3DNDQwMDhiYjQtOWFiZi00 (84)
[0712/142339.641:INFO:CONSOLE(95)] "2268.0600000021514 ms: Sleeping for 500 milliseconds...", source: https://login.ibm.com/risk/v3.0/authz/pages/compute?Target=https%3A%2F%2Flogin.ibm.com%2Foidc%2Fendpoint%2Fdefault%2Fauthorize%3FqsId%3De1ffdf03-a7f7-4517-92fd-de4911bc9ef4%26client_id%3DNDQwMDhiYjQtOWFiZi00 (95)
[0712/142339.641:INFO:CONSOLE(90)] "2268.3499999984633 ms: getFlow() called 1 times... Done", source: https://login.ibm.com/risk/v3.0/authz/pages/compute?Target=https%3A%2F%2Flogin.ibm.com%2Foidc%2Fendpoint%2Fdefault%2Fauthorize%3FqsId%3De1ffdf03-a7f7-4517-92fd-de4911bc9ef4%26client_id%3DNDQwMDhiYjQtOWFiZi00 (90)
[0712/142340.148:INFO:CONSOLE(98)] "2775.2650000038557 ms: Waited for CSID collection, now submitting...", source: https://login.ibm.com/risk/v3.0/authz/pages/compute?Target=https%3A%2F%2Flogin.ibm.com%2Foidc%2Fendpoint%2Fdefault%2Fauthorize%3FqsId%3De1ffdf03-a7f7-4517-92fd-de4911bc9ef4%26client_id%3DNDQwMDhiYjQtOWFiZi00 (98)
[0712/142341.833:INFO:CONSOLE(1)] "Refused to apply inline style because it violates the following Content Security Policy directive: "default-src 'self'". Either the 'unsafe-inline' keyword, a hash ('sha256-4Su6mBWzEIFnH4pAGMOuaeBrstwJN4Z3pq/s1Kn4/KQ='), or a nonce ('nonce-...') is required to enable inline execution. Note also that 'style-src' was not explicitly set, so 'default-src' is used as a fallback.
", source: https://spsssub.ibm.com/licsrv/licensing (1)
[0712/142342.755:INFO:CONSOLE(1)] "Refused to apply inline style because it violates the following Content Security Policy directive: "default-src 'self'". Either the 'unsafe-inline' keyword, a hash ('sha256-4Su6mBWzEIFnH4pAGMOuaeBrstwJN4Z3pq/s1Kn4/KQ='), or a nonce ('nonce-...') is required to enable inline execution. Note also that 'style-src' was not explicitly set, so 'default-src' is used as a fallback.
", source: https://spsssub.ibm.com/licsrv/licensing (1)
[0712/142921.533:INFO:CONSOLE(2)] "v3.0", source: https://www.ibm.com/account/ibmidutil/login-ui/main.js (2)
